==========================================
Ablation Study: No Semantic WM
Policy: WITH semantic
World Model: WITHOUT semantic
==========================================


==========================================
Phase 1: Stage 1 Training (No Sem WM)
==========================================

[0;34mStarting CSP-DT Stage1 (No Sem WM)...[0m
[0;32m[✓] Stage1 completed successfully[0m

==========================================
Phase 1 Complete
==========================================

==========================================
Phase 2: Stage 2 Training (No Sem WM)
==========================================

[0;34mUsing Stage1 checkpoint: /home/wangmeiyi/AuctionNet/medical/重构之后的代码/优化主要模型/scheme3_cspdt_v2/checkpoints_no_sem_wm/stage1/epoch_100[0m
Waiting for checkpoint: /home/wangmeiyi/AuctionNet/medical/重构之后的代码/优化主要模型/scheme3_cspdt_v2/checkpoints_no_sem_wm/stage1/epoch_100
[0;32mCheckpoint ready: /home/wangmeiyi/AuctionNet/medical/重构之后的代码/优化主要模型/scheme3_cspdt_v2/checkpoints_no_sem_wm/stage1/epoch_100[0m
[1;33mCreating train_stage2_no_sem_epoch.py...[0m
[0;31mERROR: train_stage2_no_sem_epoch.py not found. Please create it first.[0m
